e:\8_rtos\win\basic\synchronizationsolutions\busywaiting\lock\x64\debug\vc142.pdb
e:\8_rtos\win\basic\synchronizationsolutions\busywaiting\lock\x64\debug\vc142.idb
e:\8_rtos\win\basic\synchronizationsolutions\busywaiting\lock\x64\debug\tasks.obj
e:\8_rtos\win\basic\synchronizationsolutions\busywaiting\lock\x64\debug\supporting_functions.obj
e:\8_rtos\win\basic\synchronizationsolutions\busywaiting\lock\x64\debug\queue.obj
e:\8_rtos\win\basic\synchronizationsolutions\busywaiting\lock\x64\debug\port.obj
e:\8_rtos\win\basic\synchronizationsolutions\busywaiting\lock\x64\debug\main.obj
e:\8_rtos\win\basic\synchronizationsolutions\busywaiting\lock\x64\debug\list.obj
e:\8_rtos\win\basic\synchronizationsolutions\busywaiting\lock\x64\debug\heap_4.obj
e:\8_rtos\win\basic\synchronizationsolutions\busywaiting\lock\x64\debug\event_groups.obj
e:\8_rtos\win\basic\synchronizationsolutions\busywaiting\lock\x64\debug\lock.ilk
e:\8_rtos\win\basic\synchronizationsolutions\busywaiting\lock\x64\debug\lock.exe
e:\8_rtos\win\basic\synchronizationsolutions\busywaiting\lock\x64\debug\lock.pdb
e:\8_rtos\win\basic\synchronizationsolutions\busywaiting\lock\x64\debug\roundrobin.ilk
e:\8_rtos\win\basic\synchronizationsolutions\busywaiting\lock\x64\debug\roundrobin.pdb
e:\8_rtos\win\basic\synchronizationsolutions\busywaiting\lock\x64\debug\lock.tlog\cl.command.1.tlog
e:\8_rtos\win\basic\synchronizationsolutions\busywaiting\lock\x64\debug\lock.tlog\cl.read.1.tlog
e:\8_rtos\win\basic\synchronizationsolutions\busywaiting\lock\x64\debug\lock.tlog\cl.write.1.tlog
e:\8_rtos\win\basic\synchronizationsolutions\busywaiting\lock\x64\debug\lock.tlog\link.command.1.tlog
e:\8_rtos\win\basic\synchronizationsolutions\busywaiting\lock\x64\debug\lock.tlog\link.read.1.tlog
e:\8_rtos\win\basic\synchronizationsolutions\busywaiting\lock\x64\debug\lock.tlog\link.write.1.tlog
