e:\8_rtos\win\basic\synchronizationsolutions\mutex\x64\debug\vc142.pdb
e:\8_rtos\win\basic\synchronizationsolutions\mutex\x64\debug\vc142.idb
e:\8_rtos\win\basic\synchronizationsolutions\mutex\x64\debug\tasks.obj
e:\8_rtos\win\basic\synchronizationsolutions\mutex\x64\debug\supporting_functions.obj
e:\8_rtos\win\basic\synchronizationsolutions\mutex\x64\debug\queue.obj
e:\8_rtos\win\basic\synchronizationsolutions\mutex\x64\debug\port.obj
e:\8_rtos\win\basic\synchronizationsolutions\mutex\x64\debug\main.obj
e:\8_rtos\win\basic\synchronizationsolutions\mutex\x64\debug\list.obj
e:\8_rtos\win\basic\synchronizationsolutions\mutex\x64\debug\heap_4.obj
e:\8_rtos\win\basic\synchronizationsolutions\mutex\x64\debug\event_groups.obj
e:\8_rtos\win\basic\synchronizationsolutions\mutex\x64\debug\mutex.exe
e:\8_rtos\win\basic\synchronizationsolutions\mutex\x64\debug\mutex.ilk
e:\8_rtos\win\basic\synchronizationsolutions\mutex\x64\debug\mutex.pdb
e:\8_rtos\win\basic\synchronizationsolutions\mutex\x64\debug\countingsemaphore.ilk
e:\8_rtos\win\basic\synchronizationsolutions\mutex\x64\debug\countingsemaphore.pdb
e:\8_rtos\win\basic\synchronizationsolutions\mutex\x64\debug\mutex.tlog\cl.command.1.tlog
e:\8_rtos\win\basic\synchronizationsolutions\mutex\x64\debug\mutex.tlog\cl.read.1.tlog
e:\8_rtos\win\basic\synchronizationsolutions\mutex\x64\debug\mutex.tlog\cl.write.1.tlog
e:\8_rtos\win\basic\synchronizationsolutions\mutex\x64\debug\mutex.tlog\link.command.1.tlog
e:\8_rtos\win\basic\synchronizationsolutions\mutex\x64\debug\mutex.tlog\link.read.1.tlog
e:\8_rtos\win\basic\synchronizationsolutions\mutex\x64\debug\mutex.tlog\link.write.1.tlog
